<?xml version="1.0" encoding="UTF-8"?>
<testsuite xmlns:xsi="http://www.w3.org/2001/XMLSchema-instance" xsi:noNamespaceSchemaLocation="https://maven.apache.org/surefire/maven-surefire-plugin/xsd/surefire-test-report.xsd" name="pl.edu.pw.ee.LongestCommonSubsequenceTest" time="0.02" tests="10" errors="0" skipped="0" failures="0">
  <properties>
[...]
</properties>
  <testcase name="testShouldThrowExceptionWhenOneOfTheArgumentsIsNull" classname="pl.edu.pw.ee.LongestCommonSubsequenceTest" time="0.003"/>
  <testcase name="testShouldWorkWhenOneStringContainsTheOther" classname="pl.edu.pw.ee.LongestCommonSubsequenceTest" time="0"/>
  <testcase name="testShouldWorkWhenOneOfGivenStringsIsEmpty" classname="pl.edu.pw.ee.LongestCommonSubsequenceTest" time="0"/>
  <testcase name="testShouldWorkWithWhiteSpaces" classname="pl.edu.pw.ee.LongestCommonSubsequenceTest" time="0"/>
  <testcase name="testShouldWorkWhenGivenStringsAreTheSame" classname="pl.edu.pw.ee.LongestCommonSubsequenceTest" time="0"/>
  <testcase name="testShouldWorkWhenBothGivenStringsAreEmpty" classname="pl.edu.pw.ee.LongestCommonSubsequenceTest" time="0"/>
  <testcase name="testDisplayWithoutFindLCSMethod" classname="pl.edu.pw.ee.LongestCommonSubsequenceTest" time="0.001"/>
  <testcase name="testShouldWorkWhenGivenStringsDontHaveLCS" classname="pl.edu.pw.ee.LongestCommonSubsequenceTest" time="0"/>
  <testcase name="testShouldReturnLCSOfTwoStrings" classname="pl.edu.pw.ee.LongestCommonSubsequenceTest" time="0"/>
  <testcase name="testDisplay" classname="pl.edu.pw.ee.LongestCommonSubsequenceTest" time="0.013"/>
</testsuite>